2024-11-06 08:13:58.884 [info] [main] Log level: Info
2024-11-06 08:13:58.884 [info] [main] Validating found git in: "git"
2024-11-06 08:13:58.884 [info] [main] Using git "2.34.1" from "git"
2024-11-06 08:13:58.884 [info] [Model][doInitialScan] Initial repository scan started
2024-11-06 08:13:58.884 [info] > git rev-parse --show-toplevel [38ms]
2024-11-06 08:13:58.901 [info] > git rev-parse --show-toplevel [9ms]
2024-11-06 08:13:58.921 [info] [Model][doInitialScan] Initial repository scan completed - repositories (0), closed repositories (0), parent repositories (1), unsafe repositories (0)
2024-11-06 08:14:00.155 [info] > git rev-parse --show-toplevel [5ms]
2024-11-06 08:14:00.271 [info] > git rev-parse --show-toplevel [10ms]
2024-11-06 08:14:00.413 [info] > git rev-parse --show-toplevel [4ms]
2024-11-06 08:14:00.652 [info] > git rev-parse --show-toplevel [6ms]
2024-11-06 08:15:18.276 [info] > git rev-parse --show-toplevel [4ms]
2024-11-06 08:15:20.292 [info] > git rev-parse --show-toplevel [5ms]
2024-11-06 08:15:23.455 [info] > git rev-parse --show-toplevel [8ms]
2024-11-06 08:15:29.972 [info] > git rev-parse --show-toplevel [11ms]
2024-11-06 08:15:32.886 [info] > git rev-parse --show-toplevel [9ms]
2024-11-06 08:15:38.640 [info] > git rev-parse --show-toplevel [11ms]
2024-11-06 08:15:53.002 [info] > git rev-parse --show-toplevel [6ms]
2024-11-06 08:15:54.216 [info] > git rev-parse --show-toplevel [7ms]
2024-11-06 08:15:54.761 [info] > git rev-parse --show-toplevel [9ms]
2024-11-06 08:15:55.221 [info] > git rev-parse --show-toplevel [4ms]
2024-11-06 08:15:55.737 [info] > git rev-parse --show-toplevel [6ms]
2024-11-06 08:16:34.608 [info] > git rev-parse --show-toplevel [1ms]
2024-11-06 08:16:35.115 [info] > git rev-parse --show-toplevel [4ms]
2024-11-06 08:17:16.685 [info] > git rev-parse --show-toplevel [1ms]
2024-11-06 08:17:17.729 [info] > git rev-parse --show-toplevel [5ms]
2024-11-06 08:20:35.696 [info] > git rev-parse --show-toplevel [3ms]
2024-11-06 08:26:10.436 [info] > git rev-parse --show-toplevel [2ms]
2024-11-06 08:26:12.507 [info] > git rev-parse --show-toplevel [6ms]
2024-11-06 08:26:13.777 [info] > git rev-parse --show-toplevel [4ms]
2024-11-06 08:27:26.151 [info] > git rev-parse --show-toplevel [14ms]
2024-11-06 08:27:27.951 [info] > git rev-parse --show-toplevel [5ms]
2024-11-06 08:27:37.546 [info] > git rev-parse --show-toplevel [2ms]
2024-11-06 08:27:52.554 [info] > git rev-parse --show-toplevel [7ms]
2024-11-06 08:28:11.512 [info] > git rev-parse --show-toplevel [2ms]
2024-11-06 08:28:12.003 [info] > git rev-parse --show-toplevel [6ms]
2024-11-06 08:28:12.830 [info] > git rev-parse --show-toplevel [4ms]
