2024-11-06 08:27:57.919 [info] [main] Log level: Info
2024-11-06 08:27:57.919 [info] [main] Validating found git in: "git"
2024-11-06 08:27:57.919 [info] [main] Using git "2.34.1" from "git"
2024-11-06 08:27:57.919 [info] [Model][doInitialScan] Initial repository scan started
2024-11-06 08:27:57.919 [info] > git rev-parse --show-toplevel [20ms]
2024-11-06 08:27:57.919 [info] [Model][doInitialScan] Initial repository scan completed - repositories (0), closed repositories (0), parent repositories (1), unsafe repositories (0)
2024-11-06 08:27:57.945 [info] > git rev-parse --show-toplevel [12ms]
2024-11-06 08:27:59.638 [info] > git rev-parse --show-toplevel [5ms]
2024-11-06 08:27:59.680 [info] > git rev-parse --show-toplevel [6ms]
2024-11-06 08:28:00.093 [info] > git rev-parse --show-toplevel [17ms]
2024-11-06 08:28:00.105 [info] > git rev-parse --show-toplevel [4ms]
2024-11-06 08:28:02.583 [info] > git rev-parse --show-toplevel [5ms]
2024-11-06 08:28:04.239 [info] > git rev-parse --show-toplevel [10ms]
2024-11-06 08:28:20.387 [info] > git rev-parse --show-toplevel [2ms]
2024-11-06 08:28:21.255 [info] > git rev-parse --show-toplevel [5ms]
2024-11-06 08:28:22.793 [info] > git rev-parse --show-toplevel [5ms]
2024-11-06 08:28:25.935 [info] > git rev-parse --show-toplevel [4ms]
2024-11-06 08:28:37.800 [info] > git rev-parse --show-toplevel [6ms]
2024-11-06 08:28:43.815 [info] > git rev-parse --show-toplevel [11ms]
2024-11-06 08:28:46.173 [info] > git rev-parse --show-toplevel [5ms]
2024-11-06 08:28:49.835 [info] > git rev-parse --show-toplevel [5ms]
2024-11-06 08:28:51.473 [info] > git rev-parse --show-toplevel [4ms]
2024-11-06 08:29:31.889 [info] > git rev-parse --show-toplevel [7ms]
2024-11-06 08:30:02.515 [info] > git rev-parse --show-toplevel [3ms]
2024-11-06 08:30:04.446 [info] > git rev-parse --show-toplevel [4ms]
2024-11-06 08:31:13.384 [info] > git rev-parse --show-toplevel [2ms]
2024-11-06 08:31:14.060 [info] > git rev-parse --show-toplevel [2ms]
2024-11-06 08:33:25.724 [info] > git rev-parse --show-toplevel [4ms]
2024-11-06 08:33:30.683 [info] > git rev-parse --show-toplevel [6ms]
2024-11-06 08:33:31.444 [info] > git rev-parse --show-toplevel [6ms]
2024-11-06 08:34:53.333 [info] > git rev-parse --show-toplevel [7ms]
2024-11-06 08:35:00.255 [info] > git rev-parse --show-toplevel [10ms]
2024-11-06 08:35:02.119 [info] > git rev-parse --show-toplevel [6ms]
2024-11-06 08:35:02.458 [info] > git rev-parse --show-toplevel [3ms]
2024-11-06 08:35:49.704 [info] > git rev-parse --show-toplevel [4ms]
2024-11-06 08:35:50.378 [info] > git rev-parse --show-toplevel [6ms]
2024-11-06 08:35:52.987 [info] > git rev-parse --show-toplevel [4ms]
2024-11-06 08:36:00.028 [info] > git rev-parse --show-toplevel [2ms]
2024-11-06 08:36:01.270 [info] > git rev-parse --show-toplevel [6ms]
2024-11-06 08:36:10.474 [info] > git rev-parse --show-toplevel [6ms]
2024-11-06 08:36:11.926 [info] > git rev-parse --show-toplevel [3ms]
2024-11-06 08:36:12.341 [info] > git rev-parse --show-toplevel [7ms]
2024-11-06 08:37:00.784 [info] > git rev-parse --show-toplevel [6ms]
2024-11-06 08:37:16.857 [info] > git rev-parse --show-toplevel [4ms]
2024-11-06 08:37:17.279 [info] > git rev-parse --show-toplevel [5ms]
2024-11-06 08:38:23.308 [info] > git rev-parse --show-toplevel [4ms]
2024-11-06 08:38:33.085 [info] > git rev-parse --show-toplevel [4ms]
2024-11-06 08:38:37.217 [info] > git rev-parse --show-toplevel [4ms]
2024-11-06 08:38:38.804 [info] > git rev-parse --show-toplevel [2ms]
2024-11-06 08:38:55.007 [info] > git rev-parse --show-toplevel [2ms]
2024-11-06 08:39:05.830 [info] > git rev-parse --show-toplevel [1ms]
2024-11-06 08:39:07.387 [info] > git rev-parse --show-toplevel [5ms]
2024-11-06 08:39:08.157 [info] > git rev-parse --show-toplevel [8ms]
2024-11-06 08:39:10.386 [info] > git rev-parse --show-toplevel [2ms]
2024-11-06 08:39:10.803 [info] > git rev-parse --show-toplevel [1ms]
2024-11-06 08:40:56.828 [info] > git rev-parse --show-toplevel [6ms]
2024-11-06 08:40:57.528 [info] > git rev-parse --show-toplevel [5ms]
2024-11-06 08:40:58.527 [info] > git rev-parse --show-toplevel [5ms]
2024-11-06 08:41:53.054 [info] > git rev-parse --show-toplevel [9ms]
2024-11-06 08:42:33.231 [info] > git rev-parse --show-toplevel [4ms]
2024-11-06 08:42:34.957 [info] > git rev-parse --show-toplevel [4ms]
2024-11-06 08:43:00.712 [info] > git rev-parse --show-toplevel [1ms]
2024-11-06 08:43:01.586 [info] > git rev-parse --show-toplevel [5ms]
2024-11-06 08:45:51.266 [info] > git rev-parse --show-toplevel [9ms]
2024-11-06 08:46:16.525 [info] > git rev-parse --show-toplevel [4ms]
2024-11-06 08:46:16.990 [info] > git rev-parse --show-toplevel [2ms]
2024-11-06 08:46:28.758 [info] > git rev-parse --show-toplevel [8ms]
2024-11-06 08:46:29.626 [info] > git rev-parse --show-toplevel [8ms]
2024-11-06 08:47:06.383 [info] > git rev-parse --show-toplevel [5ms]
2024-11-06 08:47:07.528 [info] > git rev-parse --show-toplevel [5ms]
2024-11-06 08:47:13.101 [info] > git rev-parse --show-toplevel [6ms]
2024-11-06 08:47:13.603 [info] > git rev-parse --show-toplevel [3ms]
2024-11-06 08:48:05.278 [info] > git rev-parse --show-toplevel [8ms]
2024-11-06 08:48:05.740 [info] > git rev-parse --show-toplevel [4ms]
2024-11-06 08:50:08.636 [info] > git rev-parse --show-toplevel [4ms]
2024-11-06 08:50:09.388 [info] > git rev-parse --show-toplevel [2ms]
2024-11-06 08:50:29.302 [info] > git rev-parse --show-toplevel [8ms]
2024-11-06 08:50:31.225 [info] > git rev-parse --show-toplevel [4ms]
2024-11-06 08:50:32.368 [info] > git rev-parse --show-toplevel [4ms]
2024-11-06 08:50:33.068 [info] > git rev-parse --show-toplevel [6ms]
2024-11-06 08:50:33.899 [info] > git rev-parse --show-toplevel [3ms]
2024-11-06 08:50:45.168 [info] > git rev-parse --show-toplevel [8ms]
2024-11-06 08:52:07.000 [info] > git rev-parse --show-toplevel [2ms]
2024-11-06 08:52:54.619 [info] > git rev-parse --show-toplevel [6ms]
2024-11-06 08:52:55.175 [info] > git rev-parse --show-toplevel [3ms]
2024-11-06 08:52:56.550 [info] > git rev-parse --show-toplevel [4ms]
2024-11-06 08:52:57.224 [info] > git rev-parse --show-toplevel [5ms]
2024-11-06 08:54:05.252 [info] > git rev-parse --show-toplevel [22ms]
2024-11-06 08:54:28.842 [info] > git rev-parse --show-toplevel [12ms]
2024-11-06 08:54:30.002 [info] > git rev-parse --show-toplevel [6ms]
2024-11-06 08:56:32.271 [info] > git rev-parse --show-toplevel [14ms]
2024-11-06 08:56:32.808 [info] > git rev-parse --show-toplevel [8ms]
2024-11-06 08:57:20.199 [info] > git rev-parse --show-toplevel [13ms]
2024-11-06 08:57:22.601 [info] > git rev-parse --show-toplevel [11ms]
2024-11-06 09:01:43.130 [info] > git rev-parse --show-toplevel [5ms]
2024-11-06 09:02:18.194 [info] > git rev-parse --show-toplevel [6ms]
2024-11-06 09:03:34.748 [info] > git rev-parse --show-toplevel [2ms]
2024-11-06 09:03:57.666 [info] > git rev-parse --show-toplevel [6ms]
2024-11-06 09:04:14.119 [info] > git rev-parse --show-toplevel [4ms]
2024-11-06 09:04:23.797 [info] > git rev-parse --show-toplevel [5ms]
2024-11-06 09:04:58.276 [info] > git rev-parse --show-toplevel [2ms]
2024-11-06 09:05:05.815 [info] > git rev-parse --show-toplevel [2ms]
2024-11-06 09:07:16.242 [info] > git rev-parse --show-toplevel [12ms]
2024-11-06 09:07:23.008 [info] > git rev-parse --show-toplevel [7ms]
2024-11-06 09:09:00.760 [info] > git rev-parse --show-toplevel [3ms]
2024-11-06 09:13:11.314 [info] > git rev-parse --show-toplevel [13ms]
2024-11-06 09:13:12.589 [info] > git rev-parse --show-toplevel [5ms]
