2024-10-21 14:56:21.672 [info] Added views:outline in workbench.view.explorer
2024-10-21 14:56:21.672 [info] Added views:workbench.view.search in workbench.view.search
2024-10-21 14:56:21.672 [info] Added views:workbench.scm in workbench.view.scm
2024-10-21 14:56:21.672 [info] Added views:workbench.panel.markers.view in workbench.panel.markers
2024-10-21 14:56:21.672 [info] Added views:workbench.panel.output in workbench.panel.output
2024-10-21 14:56:21.672 [info] Added views:terminal in terminal
2024-10-21 14:56:21.672 [info] Added views:timeline in workbench.view.explorer
2024-10-21 14:56:21.672 [info] Added views:workbench.explorer.emptyView in workbench.view.explorer
2024-10-21 14:56:24.722 [info] Added views:workbench.debug.variablesView,workbench.debug.watchExpressionsView,workbench.debug.callStackView,workbench.debug.breakPointsView in workbench.view.debug
2024-10-21 14:56:24.956 [info] Added views:workbench.panel.repl.view in workbench.panel.repl
2024-10-21 14:56:24.958 [info] Removed views:workbench.debug.breakPointsView,workbench.debug.callStackView,workbench.debug.watchExpressionsView,workbench.debug.variablesView from workbench.view.debug
2024-10-21 14:56:24.959 [info] Added views:workbench.debug.welcome in workbench.view.debug
2024-10-21 14:56:26.480 [info] Added views:workbench.views.extensions.installed,workbench.views.extensions.popular,extensions.recommendedList in workbench.view.extensions
2024-10-21 14:56:26.569 [info] Added views:~remote.forwardedPorts in ~remote.forwardedPortsContainer
2024-10-21 14:56:53.804 [info] Removed views:extensions.recommendedList,workbench.views.extensions.popular,workbench.views.extensions.installed from workbench.view.extensions
2024-10-21 14:56:53.817 [info] Added views:workbench.views.extensions.marketplace in workbench.view.extensions
2024-10-21 14:58:38.876 [info] Removed views:workbench.views.extensions.marketplace from workbench.view.extensions
2024-10-21 14:58:38.901 [info] Added views:workbench.views.extensions.installed,workbench.views.extensions.popular,extensions.recommendedList in workbench.view.extensions
2024-10-21 14:58:44.545 [info] Removed views:extensions.recommendedList,workbench.views.extensions.popular,workbench.views.extensions.installed from workbench.view.extensions
2024-10-21 14:58:44.561 [info] Added views:workbench.views.extensions.marketplace in workbench.view.extensions
2024-10-21 14:58:48.305 [info] Removed views:workbench.views.extensions.marketplace from workbench.view.extensions
2024-10-21 14:58:48.321 [info] Added views:workbench.views.extensions.installed,workbench.views.extensions.popular,extensions.recommendedList in workbench.view.extensions
2024-10-21 14:58:49.561 [info] Removed views:extensions.recommendedList,workbench.views.extensions.popular,workbench.views.extensions.installed from workbench.view.extensions
2024-10-21 14:58:49.570 [info] Added views:workbench.views.extensions.marketplace in workbench.view.extensions
2024-10-21 14:59:16.620 [info] Removed views:workbench.views.extensions.marketplace from workbench.view.extensions
2024-10-21 14:59:16.637 [info] Added views:workbench.views.extensions.installed,workbench.views.extensions.popular,extensions.recommendedList in workbench.view.extensions
