2024-10-21 14:56:23.808 [info] Started initializing default profile extensions in extensions installation folder. file:///home/uczen/.vscode/extensions
2024-10-21 14:56:24.049 [info] Completed initializing default profile extensions in extensions installation folder. file:///home/uczen/.vscode/extensions
2024-10-21 14:56:24.173 [error] [uncaught exception in sharedProcess]: Error: ENOENT: no such file or directory, stat '/home/uczen/.vscode/extensions/extensions.json.vsctmp': EntryNotFound (FileSystemError): Error: ENOENT: no such file or directory, stat '/home/uczen/.vscode/extensions/extensions.json.vsctmp'
    at lm.create (file:///usr/share/code/resources/app/out/vs/code/electron-utility/sharedProcess/sharedProcessMain.js:35:39253)
    at Es (file:///usr/share/code/resources/app/out/vs/code/electron-utility/sharedProcess/sharedProcessMain.js:35:39360)
    at Fr.ib (file:///usr/share/code/resources/app/out/vs/code/electron-utility/sharedProcess/sharedProcessMain.js:71:22661)
    at Fr.stat (file:///usr/share/code/resources/app/out/vs/code/electron-utility/sharedProcess/sharedProcessMain.js:71:15994)
    at async eh.stat (file:///usr/share/code/resources/app/out/vs/code/electron-utility/sharedProcess/sharedProcessMain.js:70:84484)
    at async Kl.yb (file:///usr/share/code/resources/app/out/vs/code/electron-utility/sharedProcess/sharedProcessMain.js:70:66600)
2024-10-21 14:56:59.930 [info] Getting Manifest... unthrottled.doki-theme
2024-10-21 14:57:00.078 [info] Installing extension: unthrottled.doki-theme {"isMachineScoped":false,"installPreReleaseVersion":false,"pinned":false,"profileLocation":{"$mid":1,"external":"vscode-userdata:/home/uczen/.vscode/extensions/extensions.json","path":"/home/uczen/.vscode/extensions/extensions.json","scheme":"vscode-userdata"},"installOnlyNewlyAddedFromExtensionPack":true,"isApplicationScoped":false,"productVersion":{"version":"1.94.2","date":"2024-10-09T16:08:44.566Z"}}
2024-10-21 14:57:03.091 [info] Extension signature verification result for unthrottled.doki-theme: Success. Executed: true. Duration: 2117ms.
2024-10-21 14:57:03.482 [info] Extracted extension to file:///home/uczen/.vscode/extensions/unthrottled.doki-theme-88.1.18: unthrottled.doki-theme
2024-10-21 14:57:03.491 [info] Renamed to /home/uczen/.vscode/extensions/unthrottled.doki-theme-88.1.18
2024-10-21 14:57:03.525 [info] Extension installed successfully: unthrottled.doki-theme vscode-userdata:/home/uczen/.vscode/extensions/extensions.json
2024-10-21 14:57:03.591 [error] [uncaught exception in sharedProcess]: Error: ENOENT: no such file or directory, stat '/home/uczen/.vscode/extensions/extensions.json.vsctmp': EntryNotFound (FileSystemError): Error: ENOENT: no such file or directory, stat '/home/uczen/.vscode/extensions/extensions.json.vsctmp'
    at lm.create (file:///usr/share/code/resources/app/out/vs/code/electron-utility/sharedProcess/sharedProcessMain.js:35:39253)
    at Es (file:///usr/share/code/resources/app/out/vs/code/electron-utility/sharedProcess/sharedProcessMain.js:35:39360)
    at Fr.ib (file:///usr/share/code/resources/app/out/vs/code/electron-utility/sharedProcess/sharedProcessMain.js:71:22661)
    at Fr.stat (file:///usr/share/code/resources/app/out/vs/code/electron-utility/sharedProcess/sharedProcessMain.js:71:15994)
    at async eh.stat (file:///usr/share/code/resources/app/out/vs/code/electron-utility/sharedProcess/sharedProcessMain.js:70:84484)
    at async Kl.yb (file:///usr/share/code/resources/app/out/vs/code/electron-utility/sharedProcess/sharedProcessMain.js:70:66600)
